<?xml version="1.0" encoding="UTF-8"?>
<!-- Generated by org.testng.reporters.JUnitXMLReporter -->
<testsuite ignored="2" hostname="DESKTOP-5AIFGKM" failures="1" tests="1" name="org.xyz.tests.ViewApplicationTest.userApplyApplicationAndVerifyInViewApplicationPage" time="60.973" errors="0" timestamp="2024-03-08T13:18:04 IST">
  <testcase classname="org.xyz.tests.ViewApplicationTest" name="userApplyApplicationAndVerifyInViewApplicationPage" time="60.4">
    <failure type="java.lang.AssertionError" message="null">
      <![CDATA[java.lang.AssertionError: null
at oniesoft.api.reporting.ExtentTestManager.setFailMessageInReport(ExtentTestManager.java:76)
at oniesoft.WebFramework.BrowserFunctions.waitForElement(BrowserFunctions.java:512)
at oniesoft.WebFramework.BrowserFunctions.verifyElementDisplayed(BrowserFunctions.java:568)
at modelPages.Loginp.verifyLoginPageDiaplsyed(Loginp.java:19)
at org.xyz.tests.ViewApplicationTest.userApplyApplicationAndVerifyInViewApplicationPage(ViewApplicationTest.java:144)
at java.base/java.util.ArrayList.forEach(ArrayList.java:1511)
at oniesoft.WebFramework.TestReader.run(TestReader.java:57)
at oniesoft.WebFramework.Runner.runOneIteration(Runner.java:201)
at oniesoft.WebFramework.Runner.run(Runner.java:65)
at org.xyz.runner.TestRunner.main(TestRunner.java:7)
... Removed 26 stack frames]]>
    </failure>
  </testcase> <!-- userApplyApplicationAndVerifyInViewApplicationPage -->
  <testcase classname="org.xyz.tests.ViewApplicationTest" name="userViewApplication" time="0.0">
    <ignored/>
  </testcase> <!-- userViewApplication -->
  <testcase classname="org.xyz.tests.ViewApplicationTest" name="AdminviewApplicationInAdminPage" time="0.0">
    <ignored/>
  </testcase> <!-- AdminviewApplicationInAdminPage -->
</testsuite> <!-- org.xyz.tests.ViewApplicationTest.userApplyApplicationAndVerifyInViewApplicationPage -->
