<?xml version="1.0" encoding="UTF-8"?>
<!-- Generated by org.testng.reporters.JUnitXMLReporter -->
<testsuite ignored="1" hostname="DESKTOP-5AIFGKM" failures="1" tests="1" name="org.xyz.tests.PersonalDetailsTest.userAddPersonalDetails" time="14.404" errors="0" timestamp="2024-03-11T10:53:50 IST">
  <testcase classname="org.xyz.tests.PersonalDetailsTest" name="userAddPersonalDetails" time="13.863">
    <failure type="java.lang.AssertionError" message="null">
      <![CDATA[java.lang.AssertionError: null
at oniesoft.api.reporting.ExtentTestManager.setFailMessageInReport(ExtentTestManager.java:76)
at oniesoft.WebFramework.BrowserFunctions.enterText(BrowserFunctions.java:124)
at modelPages.PersonalDetailsPage.attactAadharFile(PersonalDetailsPage.java:98)
at org.xyz.tests.PersonalDetailsTest.userAddPersonalDetails(PersonalDetailsTest.java:67)
at java.base/java.util.ArrayList.forEach(ArrayList.java:1511)
at oniesoft.WebFramework.TestReader.run(TestReader.java:57)
at oniesoft.WebFramework.Runner.runOneIteration(Runner.java:201)
at oniesoft.WebFramework.Runner.run(Runner.java:65)
at org.xyz.runner.TestRunner.main(TestRunner.java:7)
... Removed 26 stack frames]]>
    </failure>
  </testcase> <!-- userAddPersonalDetails -->
  <testcase classname="org.xyz.tests.PersonalDetailsTest" name="userAddPersonalDetailsWithInvalidDetails" time="0.0">
    <ignored/>
  </testcase> <!-- userAddPersonalDetailsWithInvalidDetails -->
</testsuite> <!-- org.xyz.tests.PersonalDetailsTest.userAddPersonalDetails -->
