<?xml version="1.0" encoding="UTF-8"?>
<!-- Generated by org.testng.reporters.JUnitXMLReporter -->
<testsuite ignored="2" hostname="DESKTOP-5AIFGKM" failures="1" tests="1" name="org.xyz.tests.Exestinguser.LoginAsExistingUserAndSendPayment" time="1.673" errors="0" timestamp="2024-02-16T16:20:10 IST">
  <testcase classname="org.xyz.tests.Exestinguser" name="LoginAsExistingUserAndSendPayment" time="1.482">
    <failure type="java.lang.AssertionError" message="null">
      <![CDATA[java.lang.AssertionError: null
at oniesoft.api.reporting.ExtentTestManager.setFailMessageInReport(ExtentTestManager.java:76)
at oniesoft.WebFramework.BrowserFunctions.verifyElementContainsText(BrowserFunctions.java:663)
at UserActions.NewPayment.verifyPaymentPageWithSelectNAme(NewPayment.java:43)
at org.xyz.tests.Exestinguser.LoginAsExistingUserAndSendPayment(Exestinguser.java:113)
at java.base/java.util.ArrayList.forEach(ArrayList.java:1511)
at oniesoft.WebFramework.TestReader.run(TestReader.java:57)
at oniesoft.WebFramework.Runner.runOneIteration(Runner.java:201)
at oniesoft.WebFramework.Runner.run(Runner.java:65)
at org.xyz.runner.TestRunner.main(TestRunner.java:7)
... Removed 26 stack frames]]>
    </failure>
  </testcase> <!-- LoginAsExistingUserAndSendPayment -->
  <testcase classname="org.xyz.tests.Exestinguser" name="LoginAsExistingUserAndDeleteCreatedBankAccount" time="0.0">
    <ignored/>
  </testcase> <!-- LoginAsExistingUserAndDeleteCreatedBankAccount -->
  <testcase classname="org.xyz.tests.Exestinguser" name="LoginAsExistingUserAndCreateBankAccount" time="0.0">
    <ignored/>
  </testcase> <!-- LoginAsExistingUserAndCreateBankAccount -->
</testsuite> <!-- org.xyz.tests.Exestinguser.LoginAsExistingUserAndSendPayment -->
