<?xml version="1.0" encoding="UTF-8"?>
<!-- Generated by org.testng.reporters.JUnitXMLReporter -->
<testsuite ignored="7" hostname="DESKTOP-5AIFGKM" failures="1" tests="1" name="org.xyz.tests.ForgetPasswordTest.userForgetPasswordTestWithInValidCredentials" time="1.899" errors="0" timestamp="2024-03-06T16:30:21 IST">
  <testcase classname="org.xyz.tests.ForgetPasswordTest" name="userForgetPasswordTestWithInValidCredentials" time="1.643">
    <failure type="java.lang.AssertionError" message="null">
      <![CDATA[java.lang.AssertionError: null
at oniesoft.api.reporting.ExtentTestManager.setFailMessageInReport(ExtentTestManager.java:76)
at modelPages.Forgetpassword.getinvalidCreds(Forgetpassword.java:44)
at org.xyz.tests.ForgetPasswordTest.userForgetPasswordTestWithInValidCredentials(ForgetPasswordTest.java:118)
at java.base/java.util.ArrayList.forEach(ArrayList.java:1511)
at oniesoft.WebFramework.TestReader.run(TestReader.java:57)
at oniesoft.WebFramework.Runner.runOneIteration(Runner.java:201)
at oniesoft.WebFramework.Runner.run(Runner.java:65)
at org.xyz.runner.TestRunner.main(TestRunner.java:7)
... Removed 26 stack frames]]>
    </failure>
  </testcase> <!-- userForgetPasswordTestWithInValidCredentials -->
  <testcase classname="org.xyz.tests.ForgetPasswordTest" name="adminUpdatePasswordTestWithInValidNewPassword" time="0.0">
    <ignored/>
  </testcase> <!-- adminUpdatePasswordTestWithInValidNewPassword -->
  <testcase classname="org.xyz.tests.ForgetPasswordTest" name="userForgetPasswordTestWithInValidOtp" time="0.0">
    <ignored/>
  </testcase> <!-- userForgetPasswordTestWithInValidOtp -->
  <testcase classname="org.xyz.tests.ForgetPasswordTest" name="adminForgetPasswordTestWithInValidCredentials" time="0.0">
    <ignored/>
  </testcase> <!-- adminForgetPasswordTestWithInValidCredentials -->
  <testcase classname="org.xyz.tests.ForgetPasswordTest" name="adminForgetPasswordTestWithInValidOtp" time="0.0">
    <ignored/>
  </testcase> <!-- adminForgetPasswordTestWithInValidOtp -->
  <testcase classname="org.xyz.tests.ForgetPasswordTest" name="userForgetPasswordTestWithValidDetails" time="0.0">
    <ignored/>
  </testcase> <!-- userForgetPasswordTestWithValidDetails -->
  <testcase classname="org.xyz.tests.ForgetPasswordTest" name="userUpdatePasswordTestWithInValidPassword" time="0.0">
    <ignored/>
  </testcase> <!-- userUpdatePasswordTestWithInValidPassword -->
  <testcase classname="org.xyz.tests.ForgetPasswordTest" name="adminForgetPasswordTestWithValidDetails" time="0.0">
    <ignored/>
  </testcase> <!-- adminForgetPasswordTestWithValidDetails -->
</testsuite> <!-- org.xyz.tests.ForgetPasswordTest.userForgetPasswordTestWithInValidCredentials -->
