<?xml version="1.0" encoding="UTF-8"?>
<!-- Generated by org.testng.reporters.JUnitXMLReporter -->
<testsuite ignored="1" hostname="DESKTOP-5AIFGKM" failures="1" tests="1" name="org.xyz.tests.DeleteTest.adminViewApplicationAndDeleteApplication" time="18.033" errors="0" timestamp="2024-03-07T17:02:21 IST">
  <testcase classname="org.xyz.tests.DeleteTest" name="adminViewApplicationAndDeleteApplication" time="17.738">
    <failure type="java.lang.AssertionError" message="null">
      <![CDATA[java.lang.AssertionError: null
at oniesoft.api.reporting.ExtentTestManager.setFailMessageInReport(ExtentTestManager.java:76)
at modelPages.DeleteApplication.verifyDeletedJobIdPresent(DeleteApplication.java:33)
at org.xyz.tests.DeleteTest.adminViewApplicationAndDeleteApplication(DeleteTest.java:63)
at java.base/java.util.ArrayList.forEach(ArrayList.java:1511)
at oniesoft.WebFramework.TestReader.run(TestReader.java:57)
at oniesoft.WebFramework.Runner.runOneIteration(Runner.java:201)
at oniesoft.WebFramework.Runner.run(Runner.java:65)
at org.xyz.runner.TestRunner.main(TestRunner.java:7)
... Removed 26 stack frames]]>
    </failure>
  </testcase> <!-- adminViewApplicationAndDeleteApplication -->
  <testcase classname="org.xyz.tests.DeleteTest" name="verifyDeletedApplicationInUserApplicationListPage" time="0.0">
    <ignored/>
  </testcase> <!-- verifyDeletedApplicationInUserApplicationListPage -->
</testsuite> <!-- org.xyz.tests.DeleteTest.adminViewApplicationAndDeleteApplication -->
